<?xml version="1.0" encoding="UTF-8"?>
<!-- Generated by org.testng.reporters.JUnitReportReporter -->
<testsuite skipped="0" hostname="BDC4-D-DMZCH92" name="Stepdef.Parameter" tests="1" failures="0" timestamp="2020-02-11T16:05:32 IST" time="43.918" errors="0">
  <testcase name="f" time="43.918" classname="Stepdef.Parameter"/>
</testsuite> <!-- Stepdef.Parameter -->
