<?xml version="1.0" encoding="UTF-8"?>
<!-- Generated by org.testng.reporters.JUnitReportReporter -->
<testsuite skipped="0" hostname="BDC4-D-DMZCH92" name="com.test.demo_2Webdriver" tests="1" failures="0" timestamp="2020-02-10T14:42:41 IST" time="32.662" errors="0">
  <testcase name="Login" time="32.662" classname="com.test.demo_2Webdriver"/>
</testsuite> <!-- com.test.demo_2Webdriver -->
