<?xml version="1.0" encoding="UTF-8"?>
<!-- Generated by org.testng.reporters.JUnitReportReporter -->
<testsuite skipped="0" hostname="BDC4-D-DMZCH92" name="com.test.demo1_TestNG" tests="2" failures="0" timestamp="2020-02-10T12:28:14 IST" time="0.014" errors="0">
  <testcase name="f" time="0.008" classname="com.test.demo1_TestNG"/>
  <testcase name="a" time="0.006" classname="com.test.demo1_TestNG"/>
</testsuite> <!-- com.test.demo1_TestNG -->
